ğŸš€ AUTOMOTAS AI COMPREHENSIVE TESTING SUITE - 5 PHASES
=====================================================
ğŸ“‹ Testing Coverage:
   1. Agent Management
   2. Workflow Orchestration
   3. Document Management
   4. Context Engineering
   5. Performance Analytics

ğŸš€ AUTOMOTAS AI COMPREHENSIVE TESTING - MASTER EXECUTION (5 PHASES)
================================================================================
â° Started at: 2025-08-01T10:30:11.878910
ğŸ“‹ Phases to execute: 5


========================= PHASE 1: AGENT MANAGEMENT =========================
ğŸ“‹ Description: Complete agent lifecycle, skills, and execution testing
ğŸ“„ Script: phase1_agent_management/scripts/comprehensive_agent_test.py
ğŸ“Š Progress: 1/5 phases

ğŸš€ Executing: /root/automotas_tests/testing_suites/comprehensive_5phase/phase1_agent_management/scripts/comprehensive_agent_test.py
ğŸš€ COMPREHENSIVE AGENT MANAGEMENT TESTING
==========================================
ğŸš€ STARTING COMPREHENSIVE AGENT MANAGEMENT TESTING
============================================================

ğŸ” PHASE 1: ENVIRONMENT SETUP & DISCOVERY
âœ… Environment setup completed - 65 endpoints discovered

ğŸ¤– PHASE 2: AGENT CRUD OPERATIONS
âœ… CRUD operations completed - 0 agents created

ğŸ› ï¸ PHASE 3: AGENT SKILLS MANAGEMENT
âš ï¸ No agents available for skills testing

âš¡ PHASE 4: AGENT EXECUTION & STATUS
âš ï¸ No agents available for execution testing

ğŸ§  PHASE 5: ADVANCED OPERATIONS
âœ… Advanced operations testing completed

ğŸš¨ PHASE 6: ERROR HANDLING
âœ… Error handling testing completed

âš¡ PHASE 7: PERFORMANCE TESTING
âœ… Performance testing completed

ğŸ§¹ PHASE 8: CLEANUP
âœ… Cleanup completed - 0 agents deleted

ğŸ“Š AGENT MANAGEMENT TESTING COMPLETED
ğŸ“Š Total API Calls: 17
âœ… Successful: 13
âŒ Failed: 4
ğŸ“ˆ Success Rate: 76.5%
ğŸ¯ Required Threshold: 70.0%
âœ… AGENT MANAGEMENT TESTS PASSED - Meeting minimum threshold

ğŸ‰ COMPREHENSIVE AGENT MANAGEMENT TESTING COMPLETED SUCCESSFULLY!

âœ… Phase 1: Agent Management COMPLETED SUCCESSFULLY!
â³ Brief pause before next phase...

========================= PHASE 2: WORKFLOW ORCHESTRATION =========================
ğŸ“‹ Description: Pattern management, templates, and workflow analytics
ğŸ“„ Script: phase2_workflow_orchestration/scripts/comprehensive_workflow_test.py
ğŸ“Š Progress: 2/5 phases

ğŸš€ Executing: /root/automotas_tests/testing_suites/comprehensive_5phase/phase2_workflow_orchestration/scripts/comprehensive_workflow_test.py
ğŸš€ COMPREHENSIVE WORKFLOW ORCHESTRATION TESTING
===============================================
ğŸš€ STARTING COMPREHENSIVE WORKFLOW ORCHESTRATION TESTING
======================================================================

ğŸ” PHASE 1: ENVIRONMENT SETUP & DISCOVERY
âœ… Environment setup completed - 65 endpoints discovered
ğŸ’¥ COMPREHENSIVE TESTING FAILED: 'WorkflowOrchestrationTester' object has no attribute 'test_workflow_patterns'
ğŸ” Error details: Traceback (most recent call last):
  File "/root/automotas_tests/testing_suites/comprehensive_5phase/phase2_workflow_orchestration/scripts/comprehensive_workflow_test.py", line 56, in run_comprehensive_tests
    self.test_workflow_patterns()
AttributeError: 'WorkflowOrchestrationTester' object has no attribute 'test_workflow_patterns'. Did you mean: 'test_workflow_templates'?


ğŸ’¥ COMPREHENSIVE WORKFLOW ORCHESTRATION TESTING FAILED!

âŒ Phase 2: Workflow Orchestration FAILED!
â³ Brief pause before next phase...

========================= PHASE 3: DOCUMENT MANAGEMENT =========================
ğŸ“‹ Description: Document processing, analytics, and system integration
ğŸ“„ Script: phase3_document_management/scripts/comprehensive_document_test.py
ğŸ“Š Progress: 3/5 phases

ğŸš€ Executing: /root/automotas_tests/testing_suites/comprehensive_5phase/phase3_document_management/scripts/comprehensive_document_test.py
ğŸš€ COMPREHENSIVE DOCUMENT MANAGEMENT TESTING
============================================
ğŸš€ STARTING COMPREHENSIVE DOCUMENT MANAGEMENT TESTING
================================================================

ğŸ” PHASE 1: ENVIRONMENT SETUP & DISCOVERY

ğŸ“‹ Testing Document Endpoint Availability:
  /api/documents/: âœ… Available
  /api/documents/processing/pipeline: âœ… Available
  /api/documents/processing/live-status: âœ… Available
  /api/documents/analytics/overview: âœ… Available
  /api/documents/analytics/search-patterns: âœ… Available
âœ… Environment setup completed - 65 total endpoints discovered
ğŸ’¥ COMPREHENSIVE TESTING FAILED: 'DocumentManagementTester' object has no attribute 'test_document_upload'
ğŸ” Error details: Traceback (most recent call last):
  File "/root/automotas_tests/testing_suites/comprehensive_5phase/phase3_document_management/scripts/comprehensive_document_test.py", line 58, in run_comprehensive_tests
    self.test_document_upload()
AttributeError: 'DocumentManagementTester' object has no attribute 'test_document_upload'


ğŸ’¥ COMPREHENSIVE DOCUMENT MANAGEMENT TESTING FAILED!

âŒ Phase 3: Document Management FAILED!
â³ Brief pause before next phase...

========================= PHASE 4: CONTEXT ENGINEERING =========================
ğŸ“‹ Description: RAG system performance, context retrieval, and vector embeddings
ğŸ“„ Script: phase4_context_engineering/scripts/comprehensive_context_test.py
ğŸ“Š Progress: 4/5 phases

ğŸš€ Executing: /root/automotas_tests/testing_suites/comprehensive_5phase/phase4_context_engineering/scripts/comprehensive_context_test.py
ğŸš€ COMPREHENSIVE CONTEXT ENGINEERING TESTING
============================================
ğŸš€ STARTING COMPREHENSIVE CONTEXT ENGINEERING TESTING
======================================================================

ğŸ” PHASE 1: ENVIRONMENT SETUP & CONTEXT SYSTEM DISCOVERY

ğŸ“‹ Testing Context Engineering Endpoint Availability:
  /api/context/stats: âœ… Available
  /api/context/patterns: âœ… Available
  /api/context/sources: âœ… Available
  /api/context/embeddings/stats: âœ… Available
âœ… Environment setup completed - 65 total endpoints discovered

ğŸ”§ PHASE 2: CONTEXT INITIALIZATION & MANAGEMENT
âœ… Context initialization completed - 0 contexts initialized

ğŸ§  PHASE 3: RAG SYSTEM PERFORMANCE TESTING
âœ… RAG system testing completed - 1 RAG operations tested

ğŸ” PHASE 4: CONTEXT QUERY & RETRIEVAL OPERATIONS
âœ… Context query testing completed - 0 queries executed

ğŸ”¢ PHASE 5: VECTOR EMBEDDINGS OPERATIONS
âœ… Vector embeddings testing completed - 1 embeddings generated

ğŸ“š PHASE 6: CONTEXT SOURCES & DISTRIBUTION
âœ… Context sources testing completed

ğŸ“Š PHASE 7: CONTEXT PERFORMANCE METRICS & ANALYTICS
âœ… Context analytics testing completed

ğŸ§  PHASE 8: ADVANCED CONTEXT OPERATIONS
âœ… Advanced context operations testing completed

ğŸš¨ PHASE 9: ERROR HANDLING & EDGE CASES
âœ… Error handling testing completed

âš¡ PHASE 10: PERFORMANCE & STRESS TESTING
âœ… Performance testing completed

ğŸ“Š CONTEXT ENGINEERING TESTING COMPLETED
ğŸ“Š Total API Calls: 53
âœ… Successful: 50
âŒ Failed: 3
ğŸ“ˆ Success Rate: 94.3%
ğŸ¯ Required Threshold: 70.0%
âœ… CONTEXT ENGINEERING TESTS PASSED - Meeting minimum threshold

ğŸ‰ COMPREHENSIVE CONTEXT ENGINEERING TESTING COMPLETED SUCCESSFULLY!

âœ… Phase 4: Context Engineering COMPLETED SUCCESSFULLY!
â³ Brief pause before next phase...

========================= PHASE 5: PERFORMANCE ANALYTICS =========================
ğŸ“‹ Description: System metrics, performance monitoring, and optimization analytics
ğŸ“„ Script: phase5_performance_analytics/scripts/comprehensive_performance_test.py
ğŸ“Š Progress: 5/5 phases

ğŸš€ Executing: /root/automotas_tests/testing_suites/comprehensive_5phase/phase5_performance_analytics/scripts/comprehensive_performance_test.py
ğŸš€ COMPREHENSIVE PERFORMANCE ANALYTICS TESTING
==============================================
ğŸš€ STARTING COMPREHENSIVE PERFORMANCE ANALYTICS TESTING
===========================================================================

ğŸ” PHASE 1: ENVIRONMENT SETUP & PERFORMANCE SYSTEM DISCOVERY

ğŸ“‹ Testing Performance Analytics Endpoint Availability:
  /api/system/metrics: âœ… Available
  /api/system/performance/dashboard: âœ… Available
  /api/analytics/performance: âœ… Available
  /api/system/health/detailed: âœ… Available
âœ… Environment setup completed - 65 total endpoints discovered
ğŸ’¥ COMPREHENSIVE TESTING FAILED: 'PerformanceAnalyticsTester' object has no attribute 'test_system_metrics'
ğŸ” Error details: Traceback (most recent call last):
  File "/root/automotas_tests/testing_suites/comprehensive_5phase/phase5_performance_analytics/scripts/comprehensive_performance_test.py", line 58, in run_comprehensive_tests
    self.test_system_metrics()
AttributeError: 'PerformanceAnalyticsTester' object has no attribute 'test_system_metrics'


ğŸ’¥ COMPREHENSIVE PERFORMANCE ANALYTICS TESTING FAILED!

âŒ Phase 5: Performance Analytics FAILED!

ğŸ“Š Master report saved to: /root/automotas_tests/testing_suites/comprehensive_5phase/MASTER_TEST_REPORT_5PHASES_1754044227.json
ğŸ“„ Summary report saved to: /root/automotas_tests/testing_suites/comprehensive_5phase/MASTER_SUMMARY_5PHASES_1754044227.md

================================================================================
ğŸ COMPREHENSIVE TESTING COMPLETED - ALL 5 PHASES
â±ï¸ Total Duration: 15.21 seconds (0.3 minutes)
ğŸ“Š Overall Success: âŒ NO
ğŸ¯ Successful Phases: 2/5
