{
  "test_execution": {
    "timestamp": "2025-08-01T11:42:31.859740",
    "overall_success": false,
    "total_duration_seconds": 12.23,
    "total_duration_minutes": 0.2,
    "phases_executed": 5
  },
  "phase_results": {
    "phase_1": {
      "name": "Phase 1: Agent Management",
      "success": false,
      "duration": 0.22802090644836426,
      "script": "phase1_agent_management/scripts/comprehensive_agent_test.py"
    },
    "phase_2": {
      "name": "Phase 2: Workflow Orchestration",
      "success": false,
      "duration": 0.20900177955627441,
      "script": "phase2_workflow_orchestration/scripts/comprehensive_workflow_test.py"
    },
    "phase_3": {
      "name": "Phase 3: Document Management",
      "success": false,
      "duration": 0.21552109718322754,
      "script": "phase3_document_management/scripts/comprehensive_document_test.py"
    },
    "phase_4": {
      "name": "Phase 4: Context Engineering",
      "success": true,
      "duration": 1.5446171760559082,
      "script": "phase4_context_engineering/scripts/comprehensive_context_test.py"
    },
    "phase_5": {
      "name": "Phase 5: Performance Analytics",
      "success": false,
      "duration": 2.0283474922180176,
      "script": "phase5_performance_analytics/scripts/comprehensive_performance_test.py"
    }
  },
  "summary": {
    "successful_phases": 1,
    "failed_phases": 4,
    "success_rate": 20.0,
    "total_phases": 5
  },
  "performance_summary": {
    "fastest_phase": "Phase 2: Workflow Orchestration",
    "slowest_phase": "Phase 5: Performance Analytics",
    "average_phase_duration": 0.85
  },
  "detailed_log": [
    {
      "timestamp": "2025-08-01T11:42:19.625142",
      "event_type": "phase_start",
      "phase_name": "Phase 1: Agent Management",
      "data": {
        "script": "phase1_agent_management/scripts/comprehensive_agent_test.py"
      }
    },
    {
      "timestamp": "2025-08-01T11:42:19.853081",
      "event_type": "phase_output",
      "phase_name": "Phase 1: Agent Management",
      "data": {
        "stdout": "",
        "stderr": "  File \"/root/automotas_tests/testing_suites/comprehensive_5phase/phase1_agent_management/scripts/comprehensive_agent_test.py\", line 376\n    o.get(\"id\") or agent_info.get(\"agent_id\")                        if agent_id:                print(f\"  \u2705 Extracted Agent ID: {agent_id}\")            else:                print(f\"  \u274c No Agent ID found in response\")                            return agent_id        except Exception as e:            print(f\"  \u274c Error extracting agent ID: {e}\")            return None\n                                                                                                                     ^^^\nSyntaxError: invalid syntax\n",
        "return_code": 1
      }
    },
    {
      "timestamp": "2025-08-01T11:42:19.853173",
      "event_type": "phase_complete",
      "phase_name": "Phase 1: Agent Management",
      "data": {
        "success": false,
        "duration_seconds": 0.23
      }
    },
    {
      "timestamp": "2025-08-01T11:42:21.855411",
      "event_type": "phase_start",
      "phase_name": "Phase 2: Workflow Orchestration",
      "data": {
        "script": "phase2_workflow_orchestration/scripts/comprehensive_workflow_test.py"
      }
    },
    {
      "timestamp": "2025-08-01T11:42:22.064202",
      "event_type": "phase_output",
      "phase_name": "Phase 2: Workflow Orchestration",
      "data": {
        "stdout": "",
        "stderr": "  File \"/root/automotas_tests/testing_suites/comprehensive_5phase/phase2_workflow_orchestration/scripts/comprehensive_workflow_test.py\", line 493\n    self.update_summary(result)\nIndentationError: unexpected indent\n",
        "return_code": 1
      }
    },
    {
      "timestamp": "2025-08-01T11:42:22.064419",
      "event_type": "phase_complete",
      "phase_name": "Phase 2: Workflow Orchestration",
      "data": {
        "success": false,
        "duration_seconds": 0.21
      }
    },
    {
      "timestamp": "2025-08-01T11:42:24.066652",
      "event_type": "phase_start",
      "phase_name": "Phase 3: Document Management",
      "data": {
        "script": "phase3_document_management/scripts/comprehensive_document_test.py"
      }
    },
    {
      "timestamp": "2025-08-01T11:42:24.282114",
      "event_type": "phase_output",
      "phase_name": "Phase 3: Document Management",
      "data": {
        "stdout": "",
        "stderr": "  File \"/root/automotas_tests/testing_suites/comprehensive_5phase/phase3_document_management/scripts/comprehensive_document_test.py\", line 273\n    print(\"\n          ^\nSyntaxError: unterminated string literal (detected at line 273)\n",
        "return_code": 1
      }
    },
    {
      "timestamp": "2025-08-01T11:42:24.282174",
      "event_type": "phase_complete",
      "phase_name": "Phase 3: Document Management",
      "data": {
        "success": false,
        "duration_seconds": 0.22
      }
    },
    {
      "timestamp": "2025-08-01T11:42:26.284514",
      "event_type": "phase_start",
      "phase_name": "Phase 4: Context Engineering",
      "data": {
        "script": "phase4_context_engineering/scripts/comprehensive_context_test.py"
      }
    },
    {
      "timestamp": "2025-08-01T11:42:27.829066",
      "event_type": "phase_output",
      "phase_name": "Phase 4: Context Engineering",
      "data": {
        "stdout": "\ud83d\ude80 COMPREHENSIVE CONTEXT ENGINEERING TESTING\n============================================\n\ud83d\ude80 STARTING COMPREHENSIVE CONTEXT ENGINEERING TESTING\n======================================================================\n\n\ud83d\udd0d PHASE 1: ENVIRONMENT SETUP & CONTEXT SYSTEM DISCOVERY\n\n\ud83d\udccb Testing Context Engineering Endpoint Availability:\n  /api/context/stats: \u2705 Available\n  /api/context/patterns: \u2705 Available\n  /api/context/sources: \u2705 Available\n  /api/context/embeddings/stats: \u2705 Available\n\u2705 Environment setup completed - 65 total endpoints discovered\n\n\ud83d\udd27 PHASE 2: CONTEXT INITIALIZATION & MANAGEMENT\n\u2705 Context initialization completed - 0 contexts initialized\n\n\ud83e\udde0 PHASE 3: RAG SYSTEM PERFORMANCE TESTING\n\u2705 RAG system testing completed - 1 RAG operations tested\n\n\ud83d\udd0d PHASE 4: CONTEXT QUERY & RETRIEVAL OPERATIONS\n\u2705 Context query testing completed - 0 queries executed\n\n\ud83d\udd22 PHASE 5: VECTOR EMBEDDINGS OPERATIONS\n\u2705 Vector embeddings testing completed - 1 embeddings generated\n\n\ud83d\udcda PHASE 6: CONTEXT SOURCES & DISTRIBUTION\n\u2705 Context sources testing completed\n\n\ud83d\udcca PHASE 7: CONTEXT PERFORMANCE METRICS & ANALYTICS\n\u2705 Context analytics testing completed\n\n\ud83e\udde0 PHASE 8: ADVANCED CONTEXT OPERATIONS\n\u2705 Advanced context operations testing completed\n\n\ud83d\udea8 PHASE 9: ERROR HANDLING & EDGE CASES\n\u2705 Error handling testing completed\n\n\u26a1 PHASE 10: PERFORMANCE & STRESS TESTING\n\u2705 Performance testing completed\n\n\ud83d\udcca CONTEXT ENGINEERING TESTING COMPLETED\n\ud83d\udcca Total API Calls: 53\n\u2705 Successful: 50\n\u274c Failed: 3\n\ud83d\udcc8 Success Rate: 94.3%\n\ud83c\udfaf Required Threshold: 70.0%\n\u2705 CONTEXT ENGINEERING TESTS PASSED - Meeting minimum threshold\n\n\ud83c\udf89 COMPREHENSIVE CONTEXT ENGINEERING TESTING COMPLETED SUCCESSFULLY!\n",
        "stderr": "",
        "return_code": 0
      }
    },
    {
      "timestamp": "2025-08-01T11:42:27.829133",
      "event_type": "phase_complete",
      "phase_name": "Phase 4: Context Engineering",
      "data": {
        "success": true,
        "duration_seconds": 1.54
      }
    },
    {
      "timestamp": "2025-08-01T11:42:29.831355",
      "event_type": "phase_start",
      "phase_name": "Phase 5: Performance Analytics",
      "data": {
        "script": "phase5_performance_analytics/scripts/comprehensive_performance_test.py"
      }
    },
    {
      "timestamp": "2025-08-01T11:42:31.859650",
      "event_type": "phase_output",
      "phase_name": "Phase 5: Performance Analytics",
      "data": {
        "stdout": "\ud83d\ude80 COMPREHENSIVE PERFORMANCE ANALYTICS TESTING\n==============================================\n\ud83d\ude80 STARTING COMPREHENSIVE PERFORMANCE ANALYTICS TESTING\n===========================================================================\n\n\ud83d\udd0d PHASE 1: ENVIRONMENT SETUP & PERFORMANCE SYSTEM DISCOVERY\n\n\ud83d\udccb Testing Performance Analytics Endpoint Availability:\n  /api/system/metrics: \u2705 Available\n  /api/system/performance/dashboard: \u2705 Available\n  /api/analytics/performance: \u2705 Available\n  /api/system/health/detailed: \u2705 Available\n\u2705 Environment setup completed - 65 total endpoints discovered\n\ud83d\udca5 COMPREHENSIVE TESTING FAILED: 'PerformanceAnalyticsTester' object has no attribute 'test_system_metrics'\n\ud83d\udd0d Error details: Traceback (most recent call last):\n  File \"/root/automotas_tests/testing_suites/comprehensive_5phase/phase5_performance_analytics/scripts/comprehensive_performance_test.py\", line 58, in run_comprehensive_tests\n    self.test_system_metrics()\nAttributeError: 'PerformanceAnalyticsTester' object has no attribute 'test_system_metrics'\n\n\n\ud83d\udca5 COMPREHENSIVE PERFORMANCE ANALYTICS TESTING FAILED!\n",
        "stderr": "",
        "return_code": 1
      }
    },
    {
      "timestamp": "2025-08-01T11:42:31.859699",
      "event_type": "phase_complete",
      "phase_name": "Phase 5: Performance Analytics",
      "data": {
        "success": false,
        "duration_seconds": 2.03
      }
    }
  ]
}